<?xml version="1.0" encoding="UTF-8"?>
<testsuite name="com.trashteam.web.dto.FacePhotoSaveRequestDtoTest" tests="1" skipped="0" failures="0" errors="0" timestamp="2020-03-24T07:31:30" hostname="DESKTOP-6I3RMVU" time="0.185">
  <properties/>
  <testcase name="save" classname="com.trashteam.web.dto.FacePhotoSaveRequestDtoTest" time="0.185"/>
  <system-out><![CDATA[16:31:22.272 [Test worker] DEBUG org.springframework.test.context.junit4.SpringJUnit4ClassRunner - SpringJUnit4ClassRunner constructor called with [class com.trashteam.web.dto.FacePhotoSaveRequestDtoTest]
16:31:22.282 [Test worker] DEBUG org.springframework.test.context.BootstrapUtils - Instantiating CacheAwareContextLoaderDelegate from class [org.springframework.test.context.cache.DefaultCacheAwareContextLoaderDelegate]
16:31:22.295 [Test worker] DEBUG org.springframework.test.context.BootstrapUtils - Instantiating BootstrapContext using constructor [public org.springframework.test.context.support.DefaultBootstrapContext(java.lang.Class,org.springframework.test.context.CacheAwareContextLoaderDelegate)]
16:31:22.318 [Test worker] DEBUG org.springframework.test.context.BootstrapUtils - Instantiating TestContextBootstrapper for test class [com.trashteam.web.dto.FacePhotoSaveRequestDtoTest] from class [org.springframework.boot.test.context.SpringBootTestContextBootstrapper]
16:31:22.338 [Test worker] INFO org.springframework.boot.test.context.SpringBootTestContextBootstrapper - Neither @ContextConfiguration nor @ContextHierarchy found for test class [com.trashteam.web.dto.FacePhotoSaveRequestDtoTest], using SpringBootContextLoader
16:31:22.344 [Test worker] DEBUG org.springframework.test.context.support.AbstractContextLoader - Did not detect default resource location for test class [com.trashteam.web.dto.FacePhotoSaveRequestDtoTest]: class path resource [com/trashteam/web/dto/FacePhotoSaveRequestDtoTest-context.xml] does not exist
16:31:22.345 [Test worker] DEBUG org.springframework.test.context.support.AbstractContextLoader - Did not detect default resource location for test class [com.trashteam.web.dto.FacePhotoSaveRequestDtoTest]: class path resource [com/trashteam/web/dto/FacePhotoSaveRequestDtoTestContext.groovy] does not exist
16:31:22.345 [Test worker] INFO org.springframework.test.context.support.AbstractContextLoader - Could not detect default resource locations for test class [com.trashteam.web.dto.FacePhotoSaveRequestDtoTest]: no resource found for suffixes {-context.xml, Context.groovy}.
16:31:22.346 [Test worker] INFO org.springframework.test.context.support.AnnotationConfigContextLoaderUtils - Could not detect default configuration classes for test class [com.trashteam.web.dto.FacePhotoSaveRequestDtoTest]: FacePhotoSaveRequestDtoTest does not declare any static, non-private, non-final, nested classes annotated with @Configuration.
16:31:22.409 [Test worker] DEBUG org.springframework.test.context.support.ActiveProfilesUtils - Could not find an 'annotation declaring class' for annotation type [org.springframework.test.context.ActiveProfiles] and class [com.trashteam.web.dto.FacePhotoSaveRequestDtoTest]
16:31:22.582 [Test worker] DEBUG org.springframework.context.annotation.ClassPathScanningCandidateComponentProvider - Identified candidate component class: file [C:\Users\cheri\Downloads\RSTdAppDevEnv-master\com.seniorproject.tc130\build\classes\java\main\com\trashteam\Application.class]
16:31:22.584 [Test worker] INFO org.springframework.boot.test.context.SpringBootTestContextBootstrapper - Found @SpringBootConfiguration com.trashteam.Application for test class com.trashteam.web.dto.FacePhotoSaveRequestDtoTest
16:31:22.741 [Test worker] DEBUG org.springframework.boot.test.context.SpringBootTestContextBootstrapper - @TestExecutionListeners is not present for class [com.trashteam.web.dto.FacePhotoSaveRequestDtoTest]: using defaults.
16:31:22.743 [Test worker] INFO org.springframework.boot.test.context.SpringBootTestContextBootstrapper - Loaded default TestExecutionListener class names from location [META-INF/spring.factories]: [org.springframework.boot.test.autoconfigure.restdocs.RestDocsTestExecutionListener, org.springframework.boot.test.autoconfigure.web.client.MockRestServiceServerResetTestExecutionListener, org.springframework.boot.test.autoconfigure.web.servlet.MockMvcPrintOnlyOnFailureTestExecutionListener, org.springframework.boot.test.autoconfigure.web.servlet.WebDriverTestExecutionListener, org.springframework.boot.test.mock.mockito.MockitoTestExecutionListener, org.springframework.boot.test.mock.mockito.ResetMocksTestExecutionListener, org.springframework.test.context.web.ServletTestExecutionListener, org.springframework.test.context.support.DirtiesContextBeforeModesTestExecutionListener, org.springframework.test.context.support.DependencyInjectionTestExecutionListener, org.springframework.test.context.support.DirtiesContextTestExecutionListener, org.springframework.test.context.transaction.TransactionalTestExecutionListener, org.springframework.test.context.jdbc.SqlScriptsTestExecutionListener]
16:31:22.775 [Test worker] INFO org.springframework.boot.test.context.SpringBootTestContextBootstrapper - Using TestExecutionListeners: [org.springframework.test.context.web.ServletTestExecutionListener@89ca90f, org.springframework.test.context.support.DirtiesContextBeforeModesTestExecutionListener@27bcca5, org.springframework.boot.test.mock.mockito.MockitoTestExecutionListener@79db8662, org.springframework.boot.test.autoconfigure.SpringBootDependencyInjectionTestExecutionListener@63f9ce28, org.springframework.test.context.support.DirtiesContextTestExecutionListener@ec0c789, org.springframework.test.context.transaction.TransactionalTestExecutionListener@52822c10, org.springframework.test.context.jdbc.SqlScriptsTestExecutionListener@77cf48b4, org.springframework.boot.test.autoconfigure.restdocs.RestDocsTestExecutionListener@5aea40eb, org.springframework.boot.test.autoconfigure.web.client.MockRestServiceServerResetTestExecutionListener@529e28b0, org.springframework.boot.test.autoconfigure.web.servlet.MockMvcPrintOnlyOnFailureTestExecutionListener@11bf6c5f, org.springframework.boot.test.autoconfigure.web.servlet.WebDriverTestExecutionListener@1c381c34, org.springframework.boot.test.mock.mockito.ResetMocksTestExecutionListener@145dfa40]
16:31:22.781 [Test worker] DEBUG org.springframework.test.annotation.ProfileValueUtils - Retrieved @ProfileValueSourceConfiguration [null] for test class [com.trashteam.web.dto.FacePhotoSaveRequestDtoTest]
16:31:22.782 [Test worker] DEBUG org.springframework.test.annotation.ProfileValueUtils - Retrieved ProfileValueSource type [class org.springframework.test.annotation.SystemProfileValueSource] for class [com.trashteam.web.dto.FacePhotoSaveRequestDtoTest]
16:31:22.785 [Test worker] DEBUG org.springframework.test.annotation.ProfileValueUtils - Retrieved @ProfileValueSourceConfiguration [null] for test class [com.trashteam.web.dto.FacePhotoSaveRequestDtoTest]
16:31:22.786 [Test worker] DEBUG org.springframework.test.annotation.ProfileValueUtils - Retrieved ProfileValueSource type [class org.springframework.test.annotation.SystemProfileValueSource] for class [com.trashteam.web.dto.FacePhotoSaveRequestDtoTest]
16:31:22.787 [Test worker] DEBUG org.springframework.test.annotation.ProfileValueUtils - Retrieved @ProfileValueSourceConfiguration [null] for test class [com.trashteam.web.dto.FacePhotoSaveRequestDtoTest]
16:31:22.788 [Test worker] DEBUG org.springframework.test.annotation.ProfileValueUtils - Retrieved ProfileValueSource type [class org.springframework.test.annotation.SystemProfileValueSource] for class [com.trashteam.web.dto.FacePhotoSaveRequestDtoTest]
16:31:22.797 [Test worker] DEBUG org.springframework.test.context.support.AbstractDirtiesContextTestExecutionListener - Before test class: context [DefaultTestContext@603d8e97 testClass = FacePhotoSaveRequestDtoTest, testInstance = [null], testMethod = [null], testException = [null], mergedContextConfiguration = [WebMergedContextConfiguration@8dad9b testClass = FacePhotoSaveRequestDtoTest, locations = '{}', classes = '{class com.trashteam.Application}', contextInitializerClasses = '[]', activeProfiles = '{}', propertySourceLocations = '{}', propertySourceProperties = '{org.springframework.boot.test.context.SpringBootTestContextBootstrapper=true}', contextCustomizers = set[org.springframework.boot.test.autoconfigure.properties.PropertyMappingContextCustomizer@0, org.springframework.boot.test.autoconfigure.web.servlet.WebDriverContextCustomizerFactory$Customizer@45db4598, org.springframework.boot.test.context.filter.ExcludeFilterContextCustomizer@1686008b, org.springframework.boot.test.json.DuplicateJsonObjectContextCustomizerFactory$DuplicateJsonObjectContextCustomizer@1012ffa0, org.springframework.boot.test.mock.mockito.MockitoContextCustomizer@0, org.springframework.boot.test.web.client.TestRestTemplateContextCustomizer@10f4283], resourceBasePath = 'src/main/webapp', contextLoader = 'org.springframework.boot.test.context.SpringBootContextLoader', parent = [null]], attributes = map['org.springframework.test.context.web.ServletTestExecutionListener.activateListener' -> true]], class annotated with @DirtiesContext [false] with mode [null].
16:31:22.799 [Test worker] DEBUG org.springframework.test.annotation.ProfileValueUtils - Retrieved @ProfileValueSourceConfiguration [null] for test class [com.trashteam.web.dto.FacePhotoSaveRequestDtoTest]
16:31:22.800 [Test worker] DEBUG org.springframework.test.annotation.ProfileValueUtils - Retrieved ProfileValueSource type [class org.springframework.test.annotation.SystemProfileValueSource] for class [com.trashteam.web.dto.FacePhotoSaveRequestDtoTest]
16:31:22.839 [Test worker] DEBUG org.springframework.test.context.support.TestPropertySourceUtils - Adding inlined properties to environment: {spring.jmx.enabled=false, org.springframework.boot.test.context.SpringBootTestContextBootstrapper=true, server.port=-1}

  .   ____          _            __ _ _
 /\\ / ___'_ __ _ _(_)_ __  __ _ \ \ \ \
( ( )\___ | '_ | '_| | '_ \/ _` | \ \ \ \
 \\/  ___)| |_)| | | | | || (_| |  ) ) ) )
  '  |____| .__|_| |_|_| |_\__, | / / / /
 =========|_|==============|___/=/_/_/_/
 :: Spring Boot ::        (v2.1.9.RELEASE)

2020-03-24 16:31:23.348  INFO 2060 --- [    Test worker] c.t.web.dto.FacePhotoSaveRequestDtoTest  : Starting FacePhotoSaveRequestDtoTest on DESKTOP-6I3RMVU with PID 2060 (started by cheri in C:\Users\cheri\Downloads\RSTdAppDevEnv-master\com.seniorproject.tc130)
2020-03-24 16:31:23.349  INFO 2060 --- [    Test worker] c.t.web.dto.FacePhotoSaveRequestDtoTest  : The following profiles are active: real,real-db
2020-03-24 16:31:24.504  INFO 2060 --- [    Test worker] .s.d.r.c.RepositoryConfigurationDelegate : Bootstrapping Spring Data repositories in DEFAULT mode.
2020-03-24 16:31:24.621  INFO 2060 --- [    Test worker] .s.d.r.c.RepositoryConfigurationDelegate : Finished Spring Data repository scanning in 103ms. Found 2 repository interfaces.
2020-03-24 16:31:25.251  INFO 2060 --- [    Test worker] trationDelegate$BeanPostProcessorChecker : Bean 'org.springframework.transaction.annotation.ProxyTransactionManagementConfiguration' of type [org.springframework.transaction.annotation.ProxyTransactionManagementConfiguration$$EnhancerBySpringCGLIB$$134b8f14] is not eligible for getting processed by all BeanPostProcessors (for example: not eligible for auto-proxying)
2020-03-24 16:31:25.561  INFO 2060 --- [    Test worker] com.zaxxer.hikari.HikariDataSource       : HikariPool-1 - Starting...
2020-03-24 16:31:25.780  INFO 2060 --- [    Test worker] com.zaxxer.hikari.HikariDataSource       : HikariPool-1 - Start completed.
2020-03-24 16:31:25.905  INFO 2060 --- [    Test worker] o.hibernate.jpa.internal.util.LogHelper  : HHH000204: Processing PersistenceUnitInfo [
	name: default
	...]
2020-03-24 16:31:26.034  INFO 2060 --- [    Test worker] org.hibernate.Version                    : HHH000412: Hibernate Core {5.3.12.Final}
2020-03-24 16:31:26.038  INFO 2060 --- [    Test worker] org.hibernate.cfg.Environment            : HHH000206: hibernate.properties not found
2020-03-24 16:31:26.316  INFO 2060 --- [    Test worker] o.hibernate.annotations.common.Version   : HCANN000001: Hibernate Commons Annotations {5.0.4.Final}
2020-03-24 16:31:26.616  INFO 2060 --- [    Test worker] org.hibernate.dialect.Dialect            : HHH000400: Using dialect: org.hibernate.dialect.MySQL5InnoDBDialect
2020-03-24 16:31:27.762  INFO 2060 --- [    Test worker] j.LocalContainerEntityManagerFactoryBean : Initialized JPA EntityManagerFactory for persistence unit 'default'
2020-03-24 16:31:29.332  INFO 2060 --- [    Test worker] o.s.s.concurrent.ThreadPoolTaskExecutor  : Initializing ExecutorService 'applicationTaskExecutor'
2020-03-24 16:31:29.433  WARN 2060 --- [    Test worker] aWebConfiguration$JpaWebMvcConfiguration : spring.jpa.open-in-view is enabled by default. Therefore, database queries may be performed during view rendering. Explicitly configure spring.jpa.open-in-view to disable this warning
2020-03-24 16:31:29.519  INFO 2060 --- [    Test worker] o.s.b.a.w.s.WelcomePageHandlerMapping    : Adding welcome page template: index
2020-03-24 16:31:30.275  INFO 2060 --- [    Test worker] s.a.ScheduledAnnotationBeanPostProcessor : No TaskScheduler/ScheduledExecutorService bean found for scheduled processing
2020-03-24 16:31:30.290  INFO 2060 --- [    Test worker] c.t.web.dto.FacePhotoSaveRequestDtoTest  : Started FacePhotoSaveRequestDtoTest in 7.436 seconds (JVM running for 9.489)
]]></system-out>
  <system-err><![CDATA[]]></system-err>
</testsuite>
